<?xml version="1.0" encoding="UTF-8"?>
<testng-results skipped="0" failed="0" ignored="0" total="1" passed="1">
  <reporter-output>
  </reporter-output>
  <suite name="inetbankingV1_jan2021" duration-ms="48619" started-at="2021-02-02T16:51:16Z" finished-at="2021-02-02T16:52:05Z">
    <groups>
    </groups>
    <test name="BankingApp Test1" duration-ms="48619" started-at="2021-02-02T16:51:16Z" finished-at="2021-02-02T16:52:05Z">
      <class name="com.inetbanking.TestCases.Test_LoginTest_001">
        <test-method status="PASS" signature="setup(java.lang.String)[pri:0, instance:com.inetbanking.TestCases.Test_LoginTest_001@2344fc66]" name="setup" is-config="true" duration-ms="39885" started-at="2021-02-02T16:51:16Z" finished-at="2021-02-02T16:51:56Z">
          <params>
            <param index="0">
              <value>
                <![CDATA[firefox]]>
              </value>
            </param>
          </params>
          <reporter-output>
          </reporter-output>
        </test-method> <!-- setup -->
        <test-method status="PASS" signature="loginTest()[pri:0, instance:com.inetbanking.TestCases.Test_LoginTest_001@2344fc66]" name="loginTest" duration-ms="8477" started-at="2021-02-02T16:51:56Z" finished-at="2021-02-02T16:52:04Z">
          <reporter-output>
          </reporter-output>
        </test-method> <!-- loginTest -->
      </class> <!-- com.inetbanking.TestCases.Test_LoginTest_001 -->
    </test> <!-- BankingApp Test1 -->
  </suite> <!-- inetbankingV1_jan2021 -->
</testng-results>
